<?xml version="1.0" encoding="UTF-8"?>
<!-- Generated by org.testng.reporters.JUnitReportReporter -->
<testsuite hostname="SSNakate" failures="0" tests="1" name="seleniumcodesnippet.test.LaunchBrowserTest" time="4.664" errors="0" timestamp="2024-02-06T11:05:04 IST" skipped="0">
  <testcase classname="seleniumcodesnippet.test.LaunchBrowserTest" name="launchDiffDriver" time="4.664"/>
  <system-out/>
</testsuite> <!-- seleniumcodesnippet.test.LaunchBrowserTest -->
