<?xml version="1.0" encoding="UTF-8"?>
<!-- Generated by org.testng.reporters.JUnitReportReporter -->
<testsuite hostname="SSNakate" failures="0" tests="20" name="seleniumcodesnippet.ExcelReader" time="0.115" errors="0" timestamp="2024-03-15T19:58:38 IST" skipped="0">
  <testcase classname="seleniumcodesnippet.ExcelReader" name="readData" time="0.003"/>
  <testcase classname="seleniumcodesnippet.ExcelReader" name="readData" time="0.004"/>
  <testcase classname="seleniumcodesnippet.ExcelReader" name="readData" time="0.001"/>
  <testcase classname="seleniumcodesnippet.ExcelReader" name="readData" time="0.003"/>
  <testcase classname="seleniumcodesnippet.ExcelReader" name="readData" time="0.003"/>
  <testcase classname="seleniumcodesnippet.ExcelReader" name="readData" time="0.003"/>
  <testcase classname="seleniumcodesnippet.ExcelReader" name="readData" time="0.006"/>
  <testcase classname="seleniumcodesnippet.ExcelReader" name="readData" time="0.010"/>
  <testcase classname="seleniumcodesnippet.ExcelReader" name="readData" time="0.006"/>
  <testcase classname="seleniumcodesnippet.ExcelReader" name="readData" time="0.010"/>
  <testcase classname="seleniumcodesnippet.ExcelReader" name="readData" time="0.006"/>
  <testcase classname="seleniumcodesnippet.ExcelReader" name="readData" time="0.018"/>
  <testcase classname="seleniumcodesnippet.ExcelReader" name="readData" time="0.005"/>
  <testcase classname="seleniumcodesnippet.ExcelReader" name="readData" time="0.003"/>
  <testcase classname="seleniumcodesnippet.ExcelReader" name="readData" time="0.005"/>
  <testcase classname="seleniumcodesnippet.ExcelReader" name="readData" time="0.012"/>
  <testcase classname="seleniumcodesnippet.ExcelReader" name="readData" time="0.002"/>
  <testcase classname="seleniumcodesnippet.ExcelReader" name="readData" time="0.009"/>
  <testcase classname="seleniumcodesnippet.ExcelReader" name="readData" time="0.004"/>
  <testcase classname="seleniumcodesnippet.ExcelReader" name="readData" time="0.002"/>
</testsuite> <!-- seleniumcodesnippet.ExcelReader -->
