<?xml version="1.0" encoding="UTF-8"?>
<!-- Generated by org.testng.reporters.JUnitReportReporter -->
<testsuite hostname="SSNakate" failures="0" tests="1" name="seleniumcodesnippet.test.BrokenImgAndLinksTest" time="15.646" errors="0" timestamp="2024-03-15T17:47:43 IST" skipped="0">
  <testcase classname="seleniumcodesnippet.test.BrokenImgAndLinksTest" name="manageBrokenLinksandImg" time="15.646"/>
  <system-out/>
</testsuite> <!-- seleniumcodesnippet.test.BrokenImgAndLinksTest -->
