<?xml version="1.0" encoding="UTF-8"?>
<!-- Generated by org.testng.reporters.JUnitReportReporter -->
<testsuite hostname="SSNakate" failures="0" tests="1" name="seleniumcodesnippet.test.LaunchBrowserTest" time="5.798" errors="0" timestamp="2023-07-01T21:15:19 IST" skipped="0">
  <testcase classname="seleniumcodesnippet.test.LaunchBrowserTest" name="launchDiffDriver" time="5.798"/>
  <system-out/>
</testsuite> <!-- seleniumcodesnippet.test.LaunchBrowserTest -->
